0 silly input [ 'publish' ]
1 silly flags { _: [ 'publish' ], 'reject-cycles': false, rejectCycles: false }
2 verbose rootPath /Users/trossi/demo/lerna-test
3 info version 2.5.1
4 info versioning independent
5 silly isInitialized
6 silly isInitialized true
7 silly existsSync /Users/trossi/demo/lerna-test/VERSION
8 silly initialize attempt
9 silly isDetachedHead
10 silly getCurrentBranch
11 verbose getCurrentBranch master
12 verbose isDetachedHead false
13 silly getCurrentBranch
14 verbose getCurrentBranch master
15 silly getUpdates
16 info Checking for updated packages...
17 silly hasTags
18 verbose hasTags true
19 silly getLastTag
20 verbose getLastTag tom-app1@1.0.7
21 info Comparing with tom-app1@1.0.7.
22 silly diffSinceIn tom-app1@1.0.7 packages/app1
23 silly diff
24 silly diffSinceIn tom-app1@1.0.7 packages/app2
25 silly diff packages/app2/package.json
26 silly diffSinceIn tom-app1@1.0.7 packages/lib1
27 silly diff
28 silly diffSinceIn tom-app1@1.0.7 packages/lib2
29 silly diff packages/lib2/index.js
30 verbose updated tom-app2
31 verbose updated tom-lib2
32 info Checking for prereleased packages...
33 silly collectDependents
34 silly isPackageDependentOf tom-app1 tom-app2
35 silly isPackageDependentOf tom-lib2 tom-app2
36 silly isPackageDependentOf tom-app1 tom-lib2
37 verbose dependent tom-app1 depends on tom-lib2
38 silly isPackageDependentOf tom-app2 tom-app2
39 silly isPackageDependentOf tom-lib1 tom-app2
40 silly isPackageDependentOf tom-lib2 tom-app2
41 silly isPackageDependentOf tom-app2 tom-lib2
42 verbose dependent tom-app2 depends on tom-lib2
43 silly isPackageDependentOf tom-lib1 tom-app2
44 silly isPackageDependentOf tom-lib1 tom-lib2
45 silly isPackageDependentOf tom-lib2 tom-app2
46 silly isPackageDependentOf tom-lib2 tom-lib2
47 silly collectUpdates
48 verbose has filtered update tom-app1
49 verbose has filtered update tom-app2
50 verbose has filtered update tom-lib2
51 silly initialize success
52 silly execute attempt
53 silly runScriptSync preversion tom-app1
54 silly runScriptSync version tom-app1
55 silly runScriptSync preversion tom-app2
56 silly runScriptSync version tom-app2
57 silly runScriptSync preversion tom-lib2
58 silly runScriptSync version tom-lib2
59 silly addFile /Users/trossi/demo/lerna-test/packages/app1/package.json
60 silly addFile /Users/trossi/demo/lerna-test/packages/app2/package.json
61 silly addFile /Users/trossi/demo/lerna-test/packages/lib2/package.json
62 silly commit Publish
62 silly commit
62 silly commit  - tom-app1@1.0.8
62 silly commit  - tom-app2@1.0.7
62 silly commit  - tom-lib2@1.0.4
63 verbose commit [ 'commit',
63 verbose commit   '--no-gpg-sign',
63 verbose commit   '-F',
63 verbose commit   '/private/var/folders/56/hw3210h12j7fhc7p1lfwc_mmmt3hc8/T/6d27beed-16cb-45fe-bbef-8ee1e70015c1/lerna-commit.txt' ]
64 silly addTag tom-app1@1.0.8
65 silly addTag tom-app2@1.0.7
66 error execute caught error
67 error Error: fatal: tag 'tom-app2@1.0.7' already exists
67 error
67 error     at Function.module.exports.sync (/usr/local/lib/node_modules/lerna/node_modules/execa/index.js:303:26)
67 error     at Function.execSync (/usr/local/lib/node_modules/lerna/lib/ChildProcessUtilities.js:59:30)
67 error     at Function.addTag (/usr/local/lib/node_modules/lerna/lib/GitUtilities.js:94:39)
67 error     at /usr/local/lib/node_modules/lerna/lib/commands/PublishCommand.js:728:39
67 error     at Array.forEach (native)
67 error     at PublishCommand.gitCommitAndTagVersionForUpdates (/usr/local/lib/node_modules/lerna/lib/commands/PublishCommand.js:727:12)
67 error     at PublishCommand.commitAndTagUpdates (/usr/local/lib/node_modules/lerna/lib/commands/PublishCommand.js:702:26)
67 error     at PublishCommand.execute (/usr/local/lib/node_modules/lerna/lib/commands/PublishCommand.js:307:14)
