0 info it worked if it ends with ok
1 verbose cli [ '/usr/local/bin/node', '/usr/local/bin/npm', 'install' ]
2 info using npm@4.1.2
3 info using node@v7.5.0
4 silly loadCurrentTree Starting
5 silly install loadCurrentTree
6 silly install readLocalPackageData
7 silly install normalizeTree
8 silly loadCurrentTree Finishing
9 silly loadIdealTree Starting
10 silly install loadIdealTree
11 silly cloneCurrentTree Starting
12 silly install cloneCurrentTreeToIdealTree
13 silly cloneCurrentTree Finishing
14 silly loadShrinkwrap Starting
15 silly install loadShrinkwrap
16 silly loadShrinkwrap Finishing
17 silly loadAllDepsIntoIdealTree Starting
18 silly install loadAllDepsIntoIdealTree
19 silly fetchNamedPackageData lib1
20 silly mapToRegistry name lib1
21 silly mapToRegistry using default registry
22 silly mapToRegistry registry https://registry.npmjs.org/
23 silly mapToRegistry data Result {
23 silly mapToRegistry   raw: 'lib1',
23 silly mapToRegistry   scope: null,
23 silly mapToRegistry   escapedName: 'lib1',
23 silly mapToRegistry   name: 'lib1',
23 silly mapToRegistry   rawSpec: '',
23 silly mapToRegistry   spec: 'latest',
23 silly mapToRegistry   type: 'tag' }
24 silly mapToRegistry uri https://registry.npmjs.org/lib1
25 silly fetchNamedPackageData lib2
26 silly mapToRegistry name lib2
27 silly mapToRegistry using default registry
28 silly mapToRegistry registry https://registry.npmjs.org/
29 silly mapToRegistry data Result {
29 silly mapToRegistry   raw: 'lib2',
29 silly mapToRegistry   scope: null,
29 silly mapToRegistry   escapedName: 'lib2',
29 silly mapToRegistry   name: 'lib2',
29 silly mapToRegistry   rawSpec: '',
29 silly mapToRegistry   spec: 'latest',
29 silly mapToRegistry   type: 'tag' }
30 silly mapToRegistry uri https://registry.npmjs.org/lib2
31 verbose request uri https://registry.npmjs.org/lib1
32 verbose request no auth needed
33 info attempt registry request try #1 at 11:22:25 AM
34 verbose request id 44f83af913a40367
35 verbose etag W/"5189baac-3f6"
36 verbose lastModified Wed, 08 May 2013 02:38:36 GMT
37 http request GET https://registry.npmjs.org/lib1
38 verbose request uri https://registry.npmjs.org/lib2
39 verbose request no auth needed
40 info attempt registry request try #1 at 11:22:25 AM
41 verbose etag W/"59479435-cf2"
42 verbose lastModified Mon, 19 Jun 2017 09:07:01 GMT
43 http request GET https://registry.npmjs.org/lib2
44 http 304 https://registry.npmjs.org/lib2
45 verbose headers { date: 'Tue, 28 Nov 2017 10:22:27 GMT',
45 verbose headers   via: '1.1 varnish',
45 verbose headers   'cache-control': 'max-age=300',
45 verbose headers   etag: 'W/"59479435-cf2"',
45 verbose headers   age: '98',
45 verbose headers   connection: 'keep-alive',
45 verbose headers   'x-served-by': 'cache-lcy19246-LCY',
45 verbose headers   'x-cache': 'HIT',
45 verbose headers   'x-cache-hits': '1',
45 verbose headers   'x-timer': 'S1511864548.734265,VS0,VE0',
45 verbose headers   vary: 'Accept-Encoding, Accept' }
46 silly get cb [ 304,
46 silly get   { date: 'Tue, 28 Nov 2017 10:22:27 GMT',
46 silly get     via: '1.1 varnish',
46 silly get     'cache-control': 'max-age=300',
46 silly get     etag: 'W/"59479435-cf2"',
46 silly get     age: '98',
46 silly get     connection: 'keep-alive',
46 silly get     'x-served-by': 'cache-lcy19246-LCY',
46 silly get     'x-cache': 'HIT',
46 silly get     'x-cache-hits': '1',
46 silly get     'x-timer': 'S1511864548.734265,VS0,VE0',
46 silly get     vary: 'Accept-Encoding, Accept' } ]
47 verbose etag https://registry.npmjs.org/lib2 from cache
48 verbose get saving lib2 to /Users/trossi/.npm/registry.npmjs.org/lib2/.cache.json
49 verbose correctMkdir /Users/trossi/.npm correctMkdir not in flight; initializing
50 http 304 https://registry.npmjs.org/lib1
51 verbose headers { date: 'Tue, 28 Nov 2017 10:22:27 GMT',
51 verbose headers   via: '1.1 varnish',
51 verbose headers   'cache-control': 'max-age=300',
51 verbose headers   etag: 'W/"5189baac-3f6"',
51 verbose headers   age: '98',
51 verbose headers   connection: 'keep-alive',
51 verbose headers   'x-served-by': 'cache-lcy19249-LCY',
51 verbose headers   'x-cache': 'HIT',
51 verbose headers   'x-cache-hits': '1',
51 verbose headers   'x-timer': 'S1511864548.741810,VS0,VE0',
51 verbose headers   vary: 'Accept-Encoding, Accept' }
52 silly get cb [ 304,
52 silly get   { date: 'Tue, 28 Nov 2017 10:22:27 GMT',
52 silly get     via: '1.1 varnish',
52 silly get     'cache-control': 'max-age=300',
52 silly get     etag: 'W/"5189baac-3f6"',
52 silly get     age: '98',
52 silly get     connection: 'keep-alive',
52 silly get     'x-served-by': 'cache-lcy19249-LCY',
52 silly get     'x-cache': 'HIT',
52 silly get     'x-cache-hits': '1',
52 silly get     'x-timer': 'S1511864548.741810,VS0,VE0',
52 silly get     vary: 'Accept-Encoding, Accept' } ]
53 verbose etag https://registry.npmjs.org/lib1 from cache
54 verbose get saving lib1 to /Users/trossi/.npm/registry.npmjs.org/lib1/.cache.json
55 verbose correctMkdir /Users/trossi/.npm correctMkdir not in flight; initializing
56 silly pickManifestFromRegistryMetadata spec >=1.0.0 <2.0.0 tag latest versions [ '0.0.1', '0.0.2', '0.0.3', '0.0.4' ]
57 silly fetchNamedPackageData No valid target from cache, forcing network
58 verbose request uri https://registry.npmjs.org/lib2
59 verbose request no auth needed
60 info attempt registry request try #1 at 11:22:25 AM
61 http request GET https://registry.npmjs.org/lib2
62 silly pickManifestFromRegistryMetadata spec >=1.0.0 <2.0.0 tag latest versions [ '0.0.1' ]
63 silly fetchNamedPackageData No valid target from cache, forcing network
64 verbose request uri https://registry.npmjs.org/lib1
65 verbose request no auth needed
66 info attempt registry request try #1 at 11:22:25 AM
67 http request GET https://registry.npmjs.org/lib1
68 http 200 https://registry.npmjs.org/lib2
69 verbose headers { server: 'nginx/1.10.1',
69 verbose headers   'content-type': 'application/json',
69 verbose headers   'last-modified': 'Mon, 19 Jun 2017 09:07:01 GMT',
69 verbose headers   etag: 'W/"59479435-cf2"',
69 verbose headers   'content-encoding': 'gzip',
69 verbose headers   'cache-control': 'max-age=300',
69 verbose headers   'content-length': '827',
69 verbose headers   'accept-ranges': 'bytes',
69 verbose headers   date: 'Tue, 28 Nov 2017 10:22:27 GMT',
69 verbose headers   via: '1.1 varnish',
69 verbose headers   age: '98',
69 verbose headers   connection: 'keep-alive',
69 verbose headers   'x-served-by': 'cache-lcy19246-LCY',
69 verbose headers   'x-cache': 'HIT',
69 verbose headers   'x-cache-hits': '2',
69 verbose headers   'x-timer': 'S1511864548.843051,VS0,VE0',
69 verbose headers   vary: 'Accept-Encoding, Accept' }
70 silly get cb [ 200,
70 silly get   { server: 'nginx/1.10.1',
70 silly get     'content-type': 'application/json',
70 silly get     'last-modified': 'Mon, 19 Jun 2017 09:07:01 GMT',
70 silly get     etag: 'W/"59479435-cf2"',
70 silly get     'content-encoding': 'gzip',
70 silly get     'cache-control': 'max-age=300',
70 silly get     'content-length': '827',
70 silly get     'accept-ranges': 'bytes',
70 silly get     date: 'Tue, 28 Nov 2017 10:22:27 GMT',
70 silly get     via: '1.1 varnish',
70 silly get     age: '98',
70 silly get     connection: 'keep-alive',
70 silly get     'x-served-by': 'cache-lcy19246-LCY',
70 silly get     'x-cache': 'HIT',
70 silly get     'x-cache-hits': '2',
70 silly get     'x-timer': 'S1511864548.843051,VS0,VE0',
70 silly get     vary: 'Accept-Encoding, Accept' } ]
71 verbose get saving lib2 to /Users/trossi/.npm/registry.npmjs.org/lib2/.cache.json
72 verbose correctMkdir /Users/trossi/.npm correctMkdir not in flight; initializing
73 http 200 https://registry.npmjs.org/lib1
74 verbose headers { server: 'nginx/1.10.1',
74 verbose headers   'content-type': 'application/json',
74 verbose headers   'last-modified': 'Wed, 08 May 2013 02:38:36 GMT',
74 verbose headers   etag: 'W/"5189baac-3f6"',
74 verbose headers   'content-encoding': 'gzip',
74 verbose headers   'cache-control': 'max-age=300',
74 verbose headers   'content-length': '508',
74 verbose headers   'accept-ranges': 'bytes',
74 verbose headers   date: 'Tue, 28 Nov 2017 10:22:27 GMT',
74 verbose headers   via: '1.1 varnish',
74 verbose headers   age: '98',
74 verbose headers   connection: 'keep-alive',
74 verbose headers   'x-served-by': 'cache-lcy19249-LCY',
74 verbose headers   'x-cache': 'HIT',
74 verbose headers   'x-cache-hits': '2',
74 verbose headers   'x-timer': 'S1511864548.847149,VS0,VE0',
74 verbose headers   vary: 'Accept-Encoding, Accept' }
75 silly get cb [ 200,
75 silly get   { server: 'nginx/1.10.1',
75 silly get     'content-type': 'application/json',
75 silly get     'last-modified': 'Wed, 08 May 2013 02:38:36 GMT',
75 silly get     etag: 'W/"5189baac-3f6"',
75 silly get     'content-encoding': 'gzip',
75 silly get     'cache-control': 'max-age=300',
75 silly get     'content-length': '508',
75 silly get     'accept-ranges': 'bytes',
75 silly get     date: 'Tue, 28 Nov 2017 10:22:27 GMT',
75 silly get     via: '1.1 varnish',
75 silly get     age: '98',
75 silly get     connection: 'keep-alive',
75 silly get     'x-served-by': 'cache-lcy19249-LCY',
75 silly get     'x-cache': 'HIT',
75 silly get     'x-cache-hits': '2',
75 silly get     'x-timer': 'S1511864548.847149,VS0,VE0',
75 silly get     vary: 'Accept-Encoding, Accept' } ]
76 verbose get saving lib1 to /Users/trossi/.npm/registry.npmjs.org/lib1/.cache.json
77 verbose correctMkdir /Users/trossi/.npm correctMkdir not in flight; initializing
78 silly pickManifestFromRegistryMetadata spec >=1.0.0 <2.0.0 tag latest versions [ '0.0.1', '0.0.2', '0.0.3', '0.0.4' ]
79 silly fetchPackageMetaData Error: No compatible version found: lib2@^1.0.0
79 silly fetchPackageMetaData Valid install targets:
79 silly fetchPackageMetaData 0.0.1, 0.0.2, 0.0.3, 0.0.4
79 silly fetchPackageMetaData
79 silly fetchPackageMetaData     at pickVersionFromRegistryDocument (/usr/local/lib/node_modules/npm/lib/fetch-package-metadata.js:158:16)
79 silly fetchPackageMetaData     at /usr/local/lib/node_modules/npm/node_modules/iferr/index.js:13:50
79 silly fetchPackageMetaData     at /usr/local/lib/node_modules/npm/lib/utils/pulse-till-done.js:20:8
79 silly fetchPackageMetaData     at saved (/usr/local/lib/node_modules/npm/lib/cache/caching-client.js:174:7)
79 silly fetchPackageMetaData     at /usr/local/lib/node_modules/npm/node_modules/graceful-fs/polyfills.js:261:18
79 silly fetchPackageMetaData     at FSReqWrap.oncomplete (fs.js:112:15)
79 silly fetchPackageMetaData  error for lib2@^1.0.0 { Error: No compatible version found: lib2@^1.0.0
79 silly fetchPackageMetaData Valid install targets:
79 silly fetchPackageMetaData 0.0.1, 0.0.2, 0.0.3, 0.0.4
79 silly fetchPackageMetaData
79 silly fetchPackageMetaData     at pickVersionFromRegistryDocument (/usr/local/lib/node_modules/npm/lib/fetch-package-metadata.js:158:16)
79 silly fetchPackageMetaData     at /usr/local/lib/node_modules/npm/node_modules/iferr/index.js:13:50
79 silly fetchPackageMetaData     at /usr/local/lib/node_modules/npm/lib/utils/pulse-till-done.js:20:8
79 silly fetchPackageMetaData     at saved (/usr/local/lib/node_modules/npm/lib/cache/caching-client.js:174:7)
79 silly fetchPackageMetaData     at /usr/local/lib/node_modules/npm/node_modules/graceful-fs/polyfills.js:261:18
79 silly fetchPackageMetaData     at FSReqWrap.oncomplete (fs.js:112:15) code: 'ETARGET' }
80 silly pickManifestFromRegistryMetadata spec >=1.0.0 <2.0.0 tag latest versions [ '0.0.1' ]
81 silly fetchPackageMetaData Error: No compatible version found: lib1@^1.0.0
81 silly fetchPackageMetaData Valid install targets:
81 silly fetchPackageMetaData 0.0.1
81 silly fetchPackageMetaData
81 silly fetchPackageMetaData     at pickVersionFromRegistryDocument (/usr/local/lib/node_modules/npm/lib/fetch-package-metadata.js:158:16)
81 silly fetchPackageMetaData     at /usr/local/lib/node_modules/npm/node_modules/iferr/index.js:13:50
81 silly fetchPackageMetaData     at /usr/local/lib/node_modules/npm/lib/utils/pulse-till-done.js:20:8
81 silly fetchPackageMetaData     at saved (/usr/local/lib/node_modules/npm/lib/cache/caching-client.js:174:7)
81 silly fetchPackageMetaData     at /usr/local/lib/node_modules/npm/node_modules/graceful-fs/polyfills.js:261:18
81 silly fetchPackageMetaData     at FSReqWrap.oncomplete (fs.js:112:15)
81 silly fetchPackageMetaData  error for lib1@^1.0.0 { Error: No compatible version found: lib1@^1.0.0
81 silly fetchPackageMetaData Valid install targets:
81 silly fetchPackageMetaData 0.0.1
81 silly fetchPackageMetaData
81 silly fetchPackageMetaData     at pickVersionFromRegistryDocument (/usr/local/lib/node_modules/npm/lib/fetch-package-metadata.js:158:16)
81 silly fetchPackageMetaData     at /usr/local/lib/node_modules/npm/node_modules/iferr/index.js:13:50
81 silly fetchPackageMetaData     at /usr/local/lib/node_modules/npm/lib/utils/pulse-till-done.js:20:8
81 silly fetchPackageMetaData     at saved (/usr/local/lib/node_modules/npm/lib/cache/caching-client.js:174:7)
81 silly fetchPackageMetaData     at /usr/local/lib/node_modules/npm/node_modules/graceful-fs/polyfills.js:261:18
81 silly fetchPackageMetaData     at FSReqWrap.oncomplete (fs.js:112:15) code: 'ETARGET' }
82 silly rollbackFailedOptional Starting
83 silly rollbackFailedOptional Finishing
84 silly runTopLevelLifecycles Finishing
85 silly install printInstalled
86 verbose stack Error: No compatible version found: lib2@^1.0.0
86 verbose stack Valid install targets:
86 verbose stack 0.0.1, 0.0.2, 0.0.3, 0.0.4
86 verbose stack
86 verbose stack     at pickVersionFromRegistryDocument (/usr/local/lib/node_modules/npm/lib/fetch-package-metadata.js:158:16)
86 verbose stack     at /usr/local/lib/node_modules/npm/node_modules/iferr/index.js:13:50
86 verbose stack     at /usr/local/lib/node_modules/npm/lib/utils/pulse-till-done.js:20:8
86 verbose stack     at saved (/usr/local/lib/node_modules/npm/lib/cache/caching-client.js:174:7)
86 verbose stack     at /usr/local/lib/node_modules/npm/node_modules/graceful-fs/polyfills.js:261:18
86 verbose stack     at FSReqWrap.oncomplete (fs.js:112:15)
87 verbose cwd /Users/trossi/demo/lerna-test/packages/app2
88 error Darwin 16.7.0
89 error argv "/usr/local/bin/node" "/usr/local/bin/npm" "install"
90 error node v7.5.0
91 error npm  v4.1.2
92 error code ETARGET
93 error notarget No compatible version found: lib2@^1.0.0
93 error notarget Valid install targets:
93 error notarget 0.0.1, 0.0.2, 0.0.3, 0.0.4
94 error notarget This is most likely not a problem with npm itself.
94 error notarget In most cases you or one of your dependencies are requesting
94 error notarget a package version that doesn't exist.
95 verbose exit [ 1, true ]
